<?xml version="1.0" encoding="UTF-8"?>
<!-- Generated by org.testng.reporters.JUnitReportReporter -->
<testsuite hostname="electra" failures="0" tests="2" name="facebook" time="35.116" errors="0" timestamp="24 Jul 2019 04:17:56 GMT" skipped="0">
  <testcase classname="facebook" name="PostStatus" time="4.348"/>
  <testcase classname="facebook" name="Login" time="30.768"/>
</testsuite> <!-- facebook -->
